{"time": "2025-07-29T10:24:06.718196", "logger": "json_logger", "level": "INFO", "message": "Requesting data from URL: https://api.ukhsa-dashboard.data.gov.uk/themes/infectious_disease/sub_themes/respiratory/topics/COVID-19/geography_types/Nation/geographies/England/metrics/COVID-19_cases_casesByDay", "line": 14}
{"time": "2025-07-29T10:24:07.906342", "logger": "json_logger", "level": "INFO", "message": "Fetched 365 records.", "line": 25}
{"time": "2025-07-29T10:24:07.907001", "logger": "json_logger", "level": "INFO", "message": "Requesting data from URL: https://api.ukhsa-dashboard.data.gov.uk/themes/infectious_disease/sub_themes/respiratory/topics/COVID-19/geography_types/Nation/geographies/England/metrics/COVID-19_cases_casesByDay?page=2&page_size=365", "line": 14}
{"time": "2025-07-29T10:24:08.836521", "logger": "json_logger", "level": "INFO", "message": "Fetched 365 records.", "line": 25}
{"time": "2025-07-29T10:24:08.836959", "logger": "json_logger", "level": "INFO", "message": "Requesting data from URL: https://api.ukhsa-dashboard.data.gov.uk/themes/infectious_disease/sub_themes/respiratory/topics/COVID-19/geography_types/Nation/geographies/England/metrics/COVID-19_cases_casesByDay?page=3&page_size=365&page_size=365", "line": 14}
{"time": "2025-07-29T10:24:09.881760", "logger": "json_logger", "level": "INFO", "message": "Fetched 365 records.", "line": 25}
{"time": "2025-07-29T10:24:09.882050", "logger": "json_logger", "level": "INFO", "message": "Requesting data from URL: https://api.ukhsa-dashboard.data.gov.uk/themes/infectious_disease/sub_themes/respiratory/topics/COVID-19/geography_types/Nation/geographies/England/metrics/COVID-19_cases_casesByDay?page=4&page_size=365&page_size=365&page_size=365", "line": 14}
{"time": "2025-07-29T10:24:10.855024", "logger": "json_logger", "level": "INFO", "message": "Fetched 365 records.", "line": 25}
{"time": "2025-07-29T10:24:10.855356", "logger": "json_logger", "level": "INFO", "message": "Requesting data from URL: https://api.ukhsa-dashboard.data.gov.uk/themes/infectious_disease/sub_themes/respiratory/topics/COVID-19/geography_types/Nation/geographies/England/metrics/COVID-19_cases_casesByDay?page=5&page_size=365&page_size=365&page_size=365&page_size=365", "line": 14}
{"time": "2025-07-29T10:24:11.728144", "logger": "json_logger", "level": "INFO", "message": "Fetched 365 records.", "line": 25}
{"time": "2025-07-29T10:24:11.728572", "logger": "json_logger", "level": "INFO", "message": "Requesting data from URL: https://api.ukhsa-dashboard.data.gov.uk/themes/infectious_disease/sub_themes/respiratory/topics/COVID-19/geography_types/Nation/geographies/England/metrics/COVID-19_cases_casesByDay?page=6&page_size=365&page_size=365&page_size=365&page_size=365&page_size=365", "line": 14}
{"time": "2025-07-29T10:24:12.502670", "logger": "json_logger", "level": "INFO", "message": "Fetched 177 records.", "line": 25}
{"time": "2025-07-29T10:24:12.502944", "logger": "json_logger", "level": "INFO", "message": "Total records fetched: 2002", "line": 29}
{"time": "2025-07-29T10:25:29.107404", "logger": "json_logger", "level": "INFO", "message": "Requesting data from URL: https://api.ukhsa-dashboard.data.gov.uk/themes/infectious_disease/sub_themes/respiratory/topics/COVID-19/geography_types/Nation/geographies/England/metrics/COVID-19_cases_casesByDay", "line": 14}
{"time": "2025-07-29T10:26:10.924791", "logger": "json_logger", "level": "INFO", "message": "Fetched 365 records.", "line": 25}
{"time": "2025-07-29T10:26:30.279830", "logger": "json_logger", "level": "INFO", "message": "Requesting data from URL: https://api.ukhsa-dashboard.data.gov.uk/themes/infectious_disease/sub_themes/respiratory/topics/COVID-19/geography_types/Nation/geographies/England/metrics/COVID-19_cases_casesByDay?page=2&page_size=365", "line": 14}
{"time": "2025-07-29T10:27:17.205981", "logger": "json_logger", "level": "INFO", "message": "Requesting data from URL: https://api.ukhsa-dashboard.data.gov.uk/themes/infectious_disease/sub_themes/respiratory/topics/COVID-19/geography_types/Nation/geographies/England/metrics/COVID-19_cases_casesByDay", "line": 15}
{"time": "2025-07-29T10:27:17.761235", "logger": "json_logger", "level": "INFO", "message": "Fetched 365 records.", "line": 26}
{"time": "2025-07-29T10:27:17.761549", "logger": "json_logger", "level": "INFO", "message": "Requesting data from URL: https://api.ukhsa-dashboard.data.gov.uk/themes/infectious_disease/sub_themes/respiratory/topics/COVID-19/geography_types/Nation/geographies/England/metrics/COVID-19_cases_casesByDay?page=2&page_size=365", "line": 15}
{"time": "2025-07-29T10:27:18.571724", "logger": "json_logger", "level": "INFO", "message": "Fetched 365 records.", "line": 26}
{"time": "2025-07-29T10:27:18.572086", "logger": "json_logger", "level": "INFO", "message": "Requesting data from URL: https://api.ukhsa-dashboard.data.gov.uk/themes/infectious_disease/sub_themes/respiratory/topics/COVID-19/geography_types/Nation/geographies/England/metrics/COVID-19_cases_casesByDay?page=3&page_size=365&page_size=365", "line": 15}
{"time": "2025-07-29T10:27:18.992098", "logger": "json_logger", "level": "INFO", "message": "Fetched 365 records.", "line": 26}
{"time": "2025-07-29T10:27:18.992679", "logger": "json_logger", "level": "INFO", "message": "Requesting data from URL: https://api.ukhsa-dashboard.data.gov.uk/themes/infectious_disease/sub_themes/respiratory/topics/COVID-19/geography_types/Nation/geographies/England/metrics/COVID-19_cases_casesByDay?page=4&page_size=365&page_size=365&page_size=365", "line": 15}
{"time": "2025-07-29T10:27:19.562543", "logger": "json_logger", "level": "INFO", "message": "Fetched 365 records.", "line": 26}
{"time": "2025-07-29T10:27:19.563095", "logger": "json_logger", "level": "INFO", "message": "Requesting data from URL: https://api.ukhsa-dashboard.data.gov.uk/themes/infectious_disease/sub_themes/respiratory/topics/COVID-19/geography_types/Nation/geographies/England/metrics/COVID-19_cases_casesByDay?page=5&page_size=365&page_size=365&page_size=365&page_size=365", "line": 15}
{"time": "2025-07-29T10:27:20.054977", "logger": "json_logger", "level": "INFO", "message": "Fetched 365 records.", "line": 26}
{"time": "2025-07-29T10:27:20.055318", "logger": "json_logger", "level": "INFO", "message": "Requesting data from URL: https://api.ukhsa-dashboard.data.gov.uk/themes/infectious_disease/sub_themes/respiratory/topics/COVID-19/geography_types/Nation/geographies/England/metrics/COVID-19_cases_casesByDay?page=6&page_size=365&page_size=365&page_size=365&page_size=365&page_size=365", "line": 15}
{"time": "2025-07-29T10:27:20.718786", "logger": "json_logger", "level": "INFO", "message": "Fetched 177 records.", "line": 26}
{"time": "2025-07-29T10:27:20.719428", "logger": "json_logger", "level": "INFO", "message": "Total records fetched: 2002", "line": 30}
{"time": "2025-07-29T10:48:12.568793", "logger": "json_logger", "level": "INFO", "message": "Requesting data from URL: https://api.ukhsa-dashboard.data.gov.uk/themes/infectious_disease/sub_themes/respiratory/topics/COVID-19/geography_types/Nation/geographies/England/metrics/COVID-19_cases_casesByDay", "line": 36}
{"time": "2025-07-29T10:48:13.309168", "logger": "json_logger", "level": "INFO", "message": "Fetched 365 records.", "line": 45}
{"time": "2025-07-29T10:48:13.310018", "logger": "json_logger", "level": "INFO", "message": "Requesting data from URL: https://api.ukhsa-dashboard.data.gov.uk/themes/infectious_disease/sub_themes/respiratory/topics/COVID-19/geography_types/Nation/geographies/England/metrics/COVID-19_cases_casesByDay?page=2&page_size=365", "line": 36}
{"time": "2025-07-29T10:48:13.800686", "logger": "json_logger", "level": "INFO", "message": "Fetched 365 records.", "line": 45}
{"time": "2025-07-29T10:48:13.801961", "logger": "json_logger", "level": "INFO", "message": "Requesting data from URL: https://api.ukhsa-dashboard.data.gov.uk/themes/infectious_disease/sub_themes/respiratory/topics/COVID-19/geography_types/Nation/geographies/England/metrics/COVID-19_cases_casesByDay?page=3&page_size=365&page_size=365", "line": 36}
{"time": "2025-07-29T10:48:14.457960", "logger": "json_logger", "level": "INFO", "message": "Fetched 365 records.", "line": 45}
{"time": "2025-07-29T10:48:14.459183", "logger": "json_logger", "level": "INFO", "message": "Requesting data from URL: https://api.ukhsa-dashboard.data.gov.uk/themes/infectious_disease/sub_themes/respiratory/topics/COVID-19/geography_types/Nation/geographies/England/metrics/COVID-19_cases_casesByDay?page=4&page_size=365&page_size=365&page_size=365", "line": 36}
{"time": "2025-07-29T10:48:15.196764", "logger": "json_logger", "level": "INFO", "message": "Fetched 365 records.", "line": 45}
{"time": "2025-07-29T10:48:15.197704", "logger": "json_logger", "level": "INFO", "message": "Requesting data from URL: https://api.ukhsa-dashboard.data.gov.uk/themes/infectious_disease/sub_themes/respiratory/topics/COVID-19/geography_types/Nation/geographies/England/metrics/COVID-19_cases_casesByDay?page=5&page_size=365&page_size=365&page_size=365&page_size=365", "line": 36}
{"time": "2025-07-29T10:48:15.772068", "logger": "json_logger", "level": "INFO", "message": "Fetched 365 records.", "line": 45}
{"time": "2025-07-29T10:48:15.772990", "logger": "json_logger", "level": "INFO", "message": "Requesting data from URL: https://api.ukhsa-dashboard.data.gov.uk/themes/infectious_disease/sub_themes/respiratory/topics/COVID-19/geography_types/Nation/geographies/England/metrics/COVID-19_cases_casesByDay?page=6&page_size=365&page_size=365&page_size=365&page_size=365&page_size=365", "line": 36}
{"time": "2025-07-29T10:48:16.108084", "logger": "json_logger", "level": "INFO", "message": "Fetched 177 records.", "line": 45}
{"time": "2025-07-29T10:48:16.108912", "logger": "json_logger", "level": "INFO", "message": "Total records fetched: 2002", "line": 49}
{"time": "2025-07-29T11:04:15.538534", "logger": "json_logger", "level": "INFO", "message": "Requesting data from URL: https://api.ukhsa-dashboard.data.gov.uk/themes/infectious_disease/sub_themes/respiratory/topics/COVID-19/geography_types/Nation/geographies/England/metrics/COVID-19_cases_casesByDay", "line": 36}
{"time": "2025-07-29T11:04:33.147039", "logger": "json_logger", "level": "INFO", "message": "Fetched 365 records.", "line": 47}
{"time": "2025-07-29T12:38:33.302424", "logger": "json_logger", "level": "INFO", "message": "Requesting data from URL: https://api.ukhsa-dashboard.data.gov.uk/themes/infectious_disease/sub_themes/respiratory/topics/COVID-19/geography_types/Nation/geographies/England/metrics/COVID-19_cases_casesByDay", "line": 36}
{"time": "2025-07-29T12:38:34.002954", "logger": "json_logger", "level": "INFO", "message": "Fetched 365 records.", "line": 47}
{"time": "2025-07-29T12:38:34.003350", "logger": "json_logger", "level": "INFO", "message": "Requesting data from URL: https://api.ukhsa-dashboard.data.gov.uk/themes/infectious_disease/sub_themes/respiratory/topics/COVID-19/geography_types/Nation/geographies/England/metrics/COVID-19_cases_casesByDay?page=2&page_size=365", "line": 36}
{"time": "2025-07-29T12:38:34.572042", "logger": "json_logger", "level": "INFO", "message": "Fetched 365 records.", "line": 47}
{"time": "2025-07-29T12:38:34.572638", "logger": "json_logger", "level": "INFO", "message": "Requesting data from URL: https://api.ukhsa-dashboard.data.gov.uk/themes/infectious_disease/sub_themes/respiratory/topics/COVID-19/geography_types/Nation/geographies/England/metrics/COVID-19_cases_casesByDay?page=3&page_size=365&page_size=365", "line": 36}
{"time": "2025-07-29T12:38:35.357731", "logger": "json_logger", "level": "INFO", "message": "Fetched 365 records.", "line": 47}
{"time": "2025-07-29T12:38:35.358173", "logger": "json_logger", "level": "INFO", "message": "Requesting data from URL: https://api.ukhsa-dashboard.data.gov.uk/themes/infectious_disease/sub_themes/respiratory/topics/COVID-19/geography_types/Nation/geographies/England/metrics/COVID-19_cases_casesByDay?page=4&page_size=365&page_size=365&page_size=365", "line": 36}
{"time": "2025-07-29T12:38:35.847977", "logger": "json_logger", "level": "INFO", "message": "Fetched 365 records.", "line": 47}
{"time": "2025-07-29T12:38:35.848964", "logger": "json_logger", "level": "INFO", "message": "Requesting data from URL: https://api.ukhsa-dashboard.data.gov.uk/themes/infectious_disease/sub_themes/respiratory/topics/COVID-19/geography_types/Nation/geographies/England/metrics/COVID-19_cases_casesByDay?page=5&page_size=365&page_size=365&page_size=365&page_size=365", "line": 36}
{"time": "2025-07-29T12:38:36.364977", "logger": "json_logger", "level": "INFO", "message": "Fetched 365 records.", "line": 47}
{"time": "2025-07-29T12:38:36.365551", "logger": "json_logger", "level": "INFO", "message": "Requesting data from URL: https://api.ukhsa-dashboard.data.gov.uk/themes/infectious_disease/sub_themes/respiratory/topics/COVID-19/geography_types/Nation/geographies/England/metrics/COVID-19_cases_casesByDay?page=6&page_size=365&page_size=365&page_size=365&page_size=365&page_size=365", "line": 36}
{"time": "2025-07-29T12:38:37.005029", "logger": "json_logger", "level": "INFO", "message": "Fetched 177 records.", "line": 47}
{"time": "2025-07-29T12:38:37.005533", "logger": "json_logger", "level": "INFO", "message": "Total records fetched: 2002", "line": 51}
{"time": "2025-07-29T13:02:48.919749", "logger": "json_logger", "level": "INFO", "message": "Reading file: ca-antibody.csv", "line": 38}
{"time": "2025-07-29T13:02:48.955175", "logger": "json_logger", "level": "INFO", "message": "Saved ca-antibody.csv to data/ca-antibody.csv", "line": 42}
{"time": "2025-07-29T13:02:48.955608", "logger": "json_logger", "level": "INFO", "message": "Reading file: ca-rapidtestdemand.csv", "line": 38}
{"time": "2025-07-29T13:02:49.430873", "logger": "json_logger", "level": "INFO", "message": "Saved ca-rapidtestdemand.csv to data/ca-rapidtestdemand.csv", "line": 42}
{"time": "2025-07-29T13:02:49.431196", "logger": "json_logger", "level": "INFO", "message": "Reading file: uk-covcasebyday.csv", "line": 38}
{"time": "2025-07-29T13:02:49.472259", "logger": "json_logger", "level": "INFO", "message": "Saved uk-covcasebyday.csv to data/uk-covcasebyday.csv", "line": 42}
{"time": "2025-07-29T13:02:49.472658", "logger": "json_logger", "level": "INFO", "message": "Reading file: us-deathcounts.csv", "line": 38}
{"time": "2025-07-29T13:02:50.267675", "logger": "json_logger", "level": "INFO", "message": "Saved us-deathcounts.csv to data/us-deathcounts.csv", "line": 42}
